<?xml version="1.0" encoding="UTF-8"?>
<!-- Generated by org.testng.reporters.JUnitXMLReporter -->
<testsuite ignored="0" hostname="192.168.1.11" failures="1" tests="3" name="Error Validations" time="53.336" errors="0" timestamp="2024-08-14T02:06:13 IST">
  <testcase classname="test.testcases.ErrorValidations" name="errorValidation" time="1.454">
    <skipped/>
  </testcase> <!-- errorValidation -->
  <testcase classname="test.testcases.ErrorValidations" name="errorValidation" time="0.862">
    <skipped/>
  </testcase> <!-- errorValidation -->
  <testcase classname="test.testcases.ErrorValidations" name="errorValidation" time="1.422">
    <failure type="java.lang.AssertionError" message="expected [Incorrect email or passwor] but found [Incorrect email or password.]">
      <![CDATA[java.lang.AssertionError: expected [Incorrect email or passwor] but found [Incorrect email or password.]
at test.testcases.ErrorValidations.errorValidation(ErrorValidations.java:40)
at java.base/java.util.ArrayList.forEach(ArrayList.java:1597)
at java.base/java.util.concurrent.FutureTask.run(FutureTask.java:317)
at java.base/java.util.concurrent.ThreadPoolExecutor.runWorker(ThreadPoolExecutor.java:1144)
at java.base/java.util.concurrent.ThreadPoolExecutor$Worker.run(ThreadPoolExecutor.java:642)
at java.base/java.lang.Thread.run(Thread.java:1570)
... Removed 21 stack frames]]>
    </failure>
  </testcase> <!-- errorValidation -->
</testsuite> <!-- Error Validations -->
