<?xml version="1.0" encoding="UTF-8"?>
<!-- Generated by org.testng.reporters.JUnitXMLReporter -->
<testsuite ignored="0" hostname="192.168.1.11" failures="0" tests="3" name="Submit Order" time="52.646" errors="0" timestamp="2024-08-14T02:06:13 IST">
  <testcase classname="test.testcases.SubmitOrderTest" name="submitOrder" time="6.949"/>
  <testcase classname="test.testcases.SubmitOrderTest" name="submitOrder" time="7.108"/>
  <testcase classname="test.testcases.SubmitOrderTest" name="checkOrderHistory" time="0.937"/>
</testsuite> <!-- Submit Order -->
