<?xml version="1.0" encoding="UTF-8"?>
<!-- Generated by org.testng.reporters.JUnitXMLReporter -->
<testsuite ignored="0" hostname="192.168.1.5" failures="0" tests="3" name="Submit Order" time="19.719" errors="0" timestamp="2024-08-14T23:17:47 IST">
  <testcase classname="test.testcases.SubmitOrderTest" name="submitOrder" time="6.856"/>
  <testcase classname="test.testcases.SubmitOrderTest" name="submitOrder" time="5.111"/>
  <testcase classname="test.testcases.SubmitOrderTest" name="checkOrderHistory" time="0.608"/>
</testsuite> <!-- Submit Order -->
